#
# There is insufficient memory for the Java Runtime Environment to continue.
# Native memory allocation (mmap) failed to map 23068672 bytes. Error detail: G1 virtual space
# Possible reasons:
#   The system is out of physical RAM or swap space
#   This process is running with CompressedOops enabled, and the Java Heap may be blocking the growth of the native heap
# Possible solutions:
#   Reduce memory load on the system
#   Increase physical memory or swap space
#   Check if swap backing store is full
#   Decrease Java heap size (-Xmx/-Xms)
#   Decrease number of Java threads
#   Decrease Java thread stack sizes (-Xss)
#   Set larger code cache with -XX:ReservedCodeCacheSize=
#   JVM is running with Zero Based Compressed Oops mode in which the Java heap is
#     placed in the first 32GB address space. The Java Heap base address is the
#     maximum limit for the native heap growth. Please use -XX:HeapBaseMinAddress
#     to set the Java Heap base and to place the Java Heap above 32GB virtual address.
# This output file may be truncated or incomplete.
#
#  Out of Memory Error (os_windows.cpp:3603), pid=15148, tid=22776
#
# JRE version: OpenJDK Runtime Environment Temurin-21.0.3+9 (21.0.3+9) (build 21.0.3+9-LTS)
# Java VM: OpenJDK 64-Bit Server VM Temurin-21.0.3+9 (21.0.3+9-LTS, mixed mode, emulated-client, tiered, compressed oops, compressed class ptrs, g1 gc, windows-amd64)
# No core dump will be written. Minidumps are not enabled by default on client versions of Windows
#

---------------  S U M M A R Y ------------

Command Line: -Dcom.sun.management.jmxremote -Dcom.sun.management.jmxremote.port=52269 -Dcom.sun.management.jmxremote.authenticate=false -Dcom.sun.management.jmxremote.ssl=false -Djava.rmi.server.hostname=localhost -Dspring.jmx.enabled=true -Dmanagement.endpoints.jmx.exposure.include=* -Dspring.application.admin.enabled=true -XX:TieredStopAtLevel=1 -Dspring.boot.project.name=facade-api-ramadan -Dfile.encoding=UTF-8 -Dstdout.encoding=UTF-8 -Dstderr.encoding=UTF-8 -XX:+ShowCodeDetailsInExceptionMessages com.ramadan.api.RamadanApplication --spring.output.ansi.enabled=always

Host: Intel(R) Core(TM) i5-8350U CPU @ 1.70GHz, 8 cores, 15G,  Windows 10 , 64 bit Build 19041 (10.0.19041.3031)
Time: Mon Jul  1 15:58:28 2024 Morocco Daylight Time elapsed time: 20.767032 seconds (0d 0h 0m 20s)

---------------  T H R E A D  ---------------

Current thread (0x00000168ce7ee890):  VMThread "VM Thread"          [id=22776, stack(0x000000315a900000,0x000000315aa00000) (1024K)]

Stack: [0x000000315a900000,0x000000315aa00000]
Native frames: (J=compiled Java code, j=interpreted, Vv=VM code, C=native code)
V  [jvm.dll+0x6c8699]
V  [jvm.dll+0x8a2061]
V  [jvm.dll+0x8a458e]
V  [jvm.dll+0x8a4c63]
V  [jvm.dll+0x27e476]
V  [jvm.dll+0x6c4e15]
V  [jvm.dll+0x6b9b0a]
V  [jvm.dll+0x3523ba]
V  [jvm.dll+0x359f66]
V  [jvm.dll+0x3ab1be]
V  [jvm.dll+0x3ab468]
V  [jvm.dll+0x3265fc]
V  [jvm.dll+0x326687]
V  [jvm.dll+0x36a3cc]
V  [jvm.dll+0x368c08]
V  [jvm.dll+0x325d71]
V  [jvm.dll+0x36827a]
V  [jvm.dll+0x8aa56f]
V  [jvm.dll+0x8ab674]
V  [jvm.dll+0x8abbb0]
V  [jvm.dll+0x8abe53]
V  [jvm.dll+0x84bf8b]
V  [jvm.dll+0x6c6dcd]
C  [ucrtbase.dll+0x21bb2]
C  [KERNEL32.DLL+0x17614]
C  [ntdll.dll+0x526f1]

VM_Operation (0x000000315c5fb860): G1CollectForAllocation, mode: safepoint, requested by thread 0x00000168d40dfe50


---------------  P R O C E S S  ---------------

Threads class SMR info:
_java_thread_list=0x00000168d62bdbb0, length=27, elements={
0x00000168be013f80, 0x00000168ce87beb0, 0x00000168ce87f8d0, 0x00000168ce85acf0,
0x00000168ce891f80, 0x00000168ce893d30, 0x00000168ce894790, 0x00000168ce883fd0,
0x00000168cea38520, 0x00000168ce95fd90, 0x00000168ce963480, 0x00000168ceac3bc0,
0x00000168d373bd80, 0x00000168d37b8d90, 0x00000168d37d7c80, 0x00000168d37fd890,
0x00000168d3c23350, 0x00000168d3c415c0, 0x00000168d3c44df0, 0x00000168d3c45fb0,
0x00000168d40e04e0, 0x00000168d40dfe50, 0x00000168d40ddd80, 0x00000168d40df130,
0x00000168d40de410, 0x00000168d40deaa0, 0x00000168d40dd060
}

Java Threads: ( => current thread )
  0x00000168be013f80 JavaThread "main"                              [_thread_blocked, id=16472, stack(0x000000315a200000,0x000000315a300000) (1024K)]
  0x00000168ce87beb0 JavaThread "Reference Handler"          daemon [_thread_blocked, id=2588, stack(0x000000315aa00000,0x000000315ab00000) (1024K)]
  0x00000168ce87f8d0 JavaThread "Finalizer"                  daemon [_thread_blocked, id=31088, stack(0x000000315ab00000,0x000000315ac00000) (1024K)]
  0x00000168ce85acf0 JavaThread "Signal Dispatcher"          daemon [_thread_blocked, id=19084, stack(0x000000315ac00000,0x000000315ad00000) (1024K)]
  0x00000168ce891f80 JavaThread "Attach Listener"            daemon [_thread_blocked, id=7140, stack(0x000000315ad00000,0x000000315ae00000) (1024K)]
  0x00000168ce893d30 JavaThread "Service Thread"             daemon [_thread_blocked, id=8500, stack(0x000000315ae00000,0x000000315af00000) (1024K)]
  0x00000168ce894790 JavaThread "Monitor Deflation Thread"   daemon [_thread_blocked, id=2960, stack(0x000000315af00000,0x000000315b000000) (1024K)]
  0x00000168ce883fd0 JavaThread "C1 CompilerThread0"         daemon [_thread_blocked, id=29168, stack(0x000000315b000000,0x000000315b100000) (1024K)]
  0x00000168cea38520 JavaThread "Common-Cleaner"             daemon [_thread_blocked, id=6820, stack(0x000000315b100000,0x000000315b200000) (1024K)]
  0x00000168ce95fd90 JavaThread "C1 CompilerThread1"         daemon [_thread_blocked, id=30428, stack(0x000000315b200000,0x000000315b300000) (1024K)]
  0x00000168ce963480 JavaThread "C1 CompilerThread2"         daemon [_thread_blocked, id=22128, stack(0x000000315b300000,0x000000315b400000) (1024K)]
  0x00000168ceac3bc0 JavaThread "Notification Thread"        daemon [_thread_blocked, id=28932, stack(0x000000315b400000,0x000000315b500000) (1024K)]
  0x00000168d373bd80 JavaThread "C1 CompilerThread3"         daemon [_thread_blocked, id=22252, stack(0x000000315b500000,0x000000315b600000) (1024K)]
  0x00000168d37b8d90 JavaThread "RMI TCP Accept-0"           daemon [_thread_in_native, id=26884, stack(0x000000315b600000,0x000000315b700000) (1024K)]
  0x00000168d37d7c80 JavaThread "RMI TCP Accept-52269"       daemon [_thread_in_native, id=21816, stack(0x000000315b700000,0x000000315b800000) (1024K)]
  0x00000168d37fd890 JavaThread "RMI TCP Accept-0"           daemon [_thread_in_native, id=4320, stack(0x000000315be00000,0x000000315bf00000) (1024K)]
  0x00000168d3c23350 JavaThread "RMI TCP Connection(1)-127.0.0.1" daemon [_thread_in_native, id=9012, stack(0x000000315bf00000,0x000000315c000000) (1024K)]
  0x00000168d3c415c0 JavaThread "RMI Scheduler(0)"           daemon [_thread_blocked, id=1856, stack(0x000000315c000000,0x000000315c100000) (1024K)]
  0x00000168d3c44df0 JavaThread "RMI TCP Connection(2)-127.0.0.1" daemon [_thread_in_native, id=26044, stack(0x000000315c100000,0x000000315c200000) (1024K)]
  0x00000168d3c45fb0 JavaThread "JMX server connection timeout 34" daemon [_thread_blocked, id=21612, stack(0x000000315c200000,0x000000315c300000) (1024K)]
  0x00000168d40e04e0 JavaThread "Thread-0"                          [_thread_blocked, id=6516, stack(0x000000315c400000,0x000000315c500000) (1024K)]
  0x00000168d40dfe50 JavaThread "restartedMain"                     [_thread_blocked, id=5992, stack(0x000000315c500000,0x000000315c600000) (1024K)]
  0x00000168d40ddd80 JavaThread "Catalina-utility-1"                [_thread_blocked, id=22736, stack(0x000000315c700000,0x000000315c800000) (1024K)]
  0x00000168d40df130 JavaThread "Catalina-utility-2"                [_thread_blocked, id=10708, stack(0x000000315c800000,0x000000315c900000) (1024K)]
  0x00000168d40de410 JavaThread "container-0"                       [_thread_blocked, id=30172, stack(0x000000315c900000,0x000000315ca00000) (1024K)]
  0x00000168d40deaa0 JavaThread "PostgreSQL-JDBC-Cleaner"    daemon [_thread_blocked, id=30656, stack(0x000000315cb00000,0x000000315cc00000) (1024K)]
  0x00000168d40dd060 JavaThread "HikariPool-1 housekeeper"   daemon [_thread_blocked, id=23824, stack(0x000000315cc00000,0x000000315cd00000) (1024K)]
Total: 27

Other Threads:
=>0x00000168ce7ee890 VMThread "VM Thread"                           [id=22776, stack(0x000000315a900000,0x000000315aa00000) (1024K)]
  0x00000168ce76d420 WatcherThread "VM Periodic Task Thread"        [id=30816, stack(0x000000315a800000,0x000000315a900000) (1024K)]
  0x00000168c02894f0 WorkerThread "GC Thread#0"                     [id=20400, stack(0x000000315a300000,0x000000315a400000) (1024K)]
  0x00000168d37e0fa0 WorkerThread "GC Thread#1"                     [id=22740, stack(0x000000315b800000,0x000000315b900000) (1024K)]
  0x00000168d37f10c0 WorkerThread "GC Thread#2"                     [id=29912, stack(0x000000315b900000,0x000000315ba00000) (1024K)]
  0x00000168d37f2470 WorkerThread "GC Thread#3"                     [id=30572, stack(0x000000315ba00000,0x000000315bb00000) (1024K)]
  0x00000168d37f2c20 WorkerThread "GC Thread#4"                     [id=11812, stack(0x000000315bb00000,0x000000315bc00000) (1024K)]
  0x00000168d37f33d0 WorkerThread "GC Thread#5"                     [id=30568, stack(0x000000315bc00000,0x000000315bd00000) (1024K)]
  0x00000168d3b60c10 WorkerThread "GC Thread#6"                     [id=21680, stack(0x000000315bd00000,0x000000315be00000) (1024K)]
  0x00000168d40f48c0 WorkerThread "GC Thread#7"                     [id=31332, stack(0x000000315c300000,0x000000315c400000) (1024K)]
  0x00000168c029aab0 ConcurrentGCThread "G1 Main Marker"            [id=8448, stack(0x000000315a400000,0x000000315a500000) (1024K)]
  0x00000168c029b4c0 WorkerThread "G1 Conc#0"                       [id=17680, stack(0x000000315a500000,0x000000315a600000) (1024K)]
  0x00000168d422c3a0 WorkerThread "G1 Conc#1"                       [id=18060, stack(0x000000315c600000,0x000000315c700000) (1024K)]
  0x00000168c02de930 ConcurrentGCThread "G1 Refine#0"               [id=25548, stack(0x000000315a600000,0x000000315a700000) (1024K)]
  0x00000168ce640550 ConcurrentGCThread "G1 Service"                [id=564, stack(0x000000315a700000,0x000000315a800000) (1024K)]
Total: 15

Threads with active compile tasks:
Total: 0

VM state: at safepoint (normal execution)

VM Mutex/Monitor currently owned by a thread:  ([mutex/lock_event])
[0x00007ffa15c82128] Threads_lock - owner thread: 0x00000168ce7ee890
[0x00007ffa15c82228] Heap_lock - owner thread: 0x00000168d40dfe50

Heap address: 0x0000000702800000, size: 4056 MB, Compressed Oops mode: Zero based, Oop shift amount: 3

CDS archive(s) not mapped
Compressed class space mapped at: 0x0000000800000000-0x0000000840000000, reserved size: 1073741824
Narrow klass base: 0x0000000800000000, Narrow klass shift: 0, Narrow klass range: 0x40000000

GC Precious Log:
 CardTable entry size: 512
 Card Set container configuration: InlinePtr #cards 4 size 8 Array Of Cards #cards 16 size 48 Howl #buckets 8 coarsen threshold 3686 Howl Bitmap #cards 512 size 80 coarsen threshold 460 Card regions per heap region 1 cards per card region 4096
 CPUs: 8 total, 8 available
 Memory: 16218M
 Large Page Support: Disabled
 NUMA Support: Disabled
 Compressed Oops: Enabled (Zero based)
 Heap Region Size: 2M
 Heap Min Capacity: 8M
 Heap Initial Capacity: 254M
 Heap Max Capacity: 4056M
 Pre-touch: Disabled
 Parallel Workers: 8
 Concurrent Workers: 2
 Concurrent Refinement Workers: 8
 Periodic GC: Disabled

Heap:
 garbage-first heap   total 120832K, used 61742K [0x0000000702800000, 0x0000000800000000)
  region size 2048K, 2 young (4096K), 2 survivors (4096K)
 Metaspace       used 80991K, committed 81728K, reserved 1179648K
  class space    used 10936K, committed 11264K, reserved 1048576K

Heap Regions: E=young(eden), S=young(survivor), O=old, HS=humongous(starts), HC=humongous(continues), CS=collection set, F=free, TAMS=top-at-mark-start, PB=parsable bottom
|   0|0x0000000702800000, 0x0000000702a00000, 0x0000000702a00000|100%| O|  |TAMS 0x0000000702800000| PB 0x0000000702800000| Untracked 
|   1|0x0000000702a00000, 0x0000000702c00000, 0x0000000702c00000|100%| O|  |TAMS 0x0000000702a00000| PB 0x0000000702a00000| Untracked 
|   2|0x0000000702c00000, 0x0000000702e00000, 0x0000000702e00000|100%| O|  |TAMS 0x0000000702c00000| PB 0x0000000702c00000| Untracked 
|   3|0x0000000702e00000, 0x0000000703000000, 0x0000000703000000|100%| O|  |TAMS 0x0000000702e00000| PB 0x0000000702e00000| Untracked 
|   4|0x0000000703000000, 0x0000000703200000, 0x0000000703200000|100%| O|  |TAMS 0x0000000703000000| PB 0x0000000703000000| Untracked 
|   5|0x0000000703200000, 0x0000000703400000, 0x0000000703400000|100%| O|  |TAMS 0x0000000703200000| PB 0x0000000703200000| Untracked 
|   6|0x0000000703400000, 0x0000000703600000, 0x0000000703600000|100%| O|  |TAMS 0x0000000703400000| PB 0x0000000703400000| Untracked 
|   7|0x0000000703600000, 0x0000000703800000, 0x0000000703800000|100%| O|  |TAMS 0x0000000703600000| PB 0x0000000703600000| Untracked 
|   8|0x0000000703800000, 0x0000000703a00000, 0x0000000703a00000|100%| O|  |TAMS 0x0000000703800000| PB 0x0000000703800000| Untracked 
|   9|0x0000000703a00000, 0x0000000703c00000, 0x0000000703c00000|100%| O|  |TAMS 0x0000000703a00000| PB 0x0000000703a00000| Untracked 
|  10|0x0000000703c00000, 0x0000000703e00000, 0x0000000703e00000|100%| O|  |TAMS 0x0000000703c00000| PB 0x0000000703c00000| Untracked 
|  11|0x0000000703e00000, 0x0000000704000000, 0x0000000704000000|100%| O|  |TAMS 0x0000000703e00000| PB 0x0000000703e00000| Untracked 
|  12|0x0000000704000000, 0x0000000704200000, 0x0000000704200000|100%| O|  |TAMS 0x0000000704000000| PB 0x0000000704000000| Untracked 
|  13|0x0000000704200000, 0x0000000704400000, 0x0000000704400000|100%| O|  |TAMS 0x0000000704200000| PB 0x0000000704200000| Untracked 
|  14|0x0000000704400000, 0x0000000704600000, 0x0000000704600000|100%| O|  |TAMS 0x0000000704400000| PB 0x0000000704400000| Untracked 
|  15|0x0000000704600000, 0x0000000704800000, 0x0000000704800000|100%| O|  |TAMS 0x0000000704600000| PB 0x0000000704600000| Untracked 
|  16|0x0000000704800000, 0x0000000704800000, 0x0000000704a00000|  0%| F|  |TAMS 0x0000000704800000| PB 0x0000000704800000| Untracked 
|  17|0x0000000704a00000, 0x0000000704c00000, 0x0000000704c00000|100%| O|  |TAMS 0x0000000704a00000| PB 0x0000000704a00000| Untracked 
|  18|0x0000000704c00000, 0x0000000704e00000, 0x0000000704e00000|100%| O|  |TAMS 0x0000000704c00000| PB 0x0000000704c00000| Untracked 
|  19|0x0000000704e00000, 0x0000000705000000, 0x0000000705000000|100%| O|  |TAMS 0x0000000704e00000| PB 0x0000000704e00000| Untracked 
|  20|0x0000000705000000, 0x0000000705200000, 0x0000000705200000|100%| O|  |TAMS 0x0000000705000000| PB 0x0000000705000000| Untracked 
|  21|0x0000000705200000, 0x0000000705400000, 0x0000000705400000|100%| O|  |TAMS 0x0000000705200000| PB 0x0000000705200000| Untracked 
|  22|0x0000000705400000, 0x0000000705600000, 0x0000000705600000|100%| O|  |TAMS 0x0000000705400000| PB 0x0000000705400000| Untracked 
|  23|0x0000000705600000, 0x0000000705800000, 0x0000000705800000|100%| O|  |TAMS 0x0000000705600000| PB 0x0000000705600000| Untracked 
|  24|0x0000000705800000, 0x0000000705a00000, 0x0000000705a00000|100%| O|  |TAMS 0x0000000705800000| PB 0x0000000705800000| Untracked 
|  25|0x0000000705a00000, 0x0000000705c00000, 0x0000000705c00000|100%| O|  |TAMS 0x0000000705a00000| PB 0x0000000705a00000| Untracked 
|  26|0x0000000705c00000, 0x0000000705e00000, 0x0000000705e00000|100%| O|  |TAMS 0x0000000705c00000| PB 0x0000000705c00000| Untracked 
|  27|0x0000000705e00000, 0x0000000706000000, 0x0000000706000000|100%| O|  |TAMS 0x0000000705e00000| PB 0x0000000705e00000| Untracked 
|  28|0x0000000706000000, 0x0000000706200000, 0x0000000706200000|100%| O|  |TAMS 0x0000000706000000| PB 0x0000000706000000| Untracked 
|  29|0x0000000706200000, 0x00000007063958c0, 0x0000000706400000| 79%| O|  |TAMS 0x0000000706200000| PB 0x0000000706200000| Untracked 
|  30|0x0000000706400000, 0x0000000706400000, 0x0000000706600000|  0%| F|  |TAMS 0x0000000706400000| PB 0x0000000706400000| Untracked 
|  31|0x0000000706600000, 0x0000000706600000, 0x0000000706800000|  0%| F|  |TAMS 0x0000000706600000| PB 0x0000000706600000| Untracked 
|  32|0x0000000706800000, 0x0000000706800000, 0x0000000706a00000|  0%| F|  |TAMS 0x0000000706800000| PB 0x0000000706800000| Untracked 
|  33|0x0000000706a00000, 0x0000000706ab6188, 0x0000000706c00000| 35%| S|CS|TAMS 0x0000000706a00000| PB 0x0000000706a00000| Complete 
|  34|0x0000000706c00000, 0x0000000706e00000, 0x0000000706e00000|100%| S|CS|TAMS 0x0000000706c00000| PB 0x0000000706c00000| Complete 
|  35|0x0000000706e00000, 0x0000000706e00000, 0x0000000707000000|  0%| F|  |TAMS 0x0000000706e00000| PB 0x0000000706e00000| Untracked 
|  36|0x0000000707000000, 0x0000000707000000, 0x0000000707200000|  0%| F|  |TAMS 0x0000000707000000| PB 0x0000000707000000| Untracked 
|  37|0x0000000707200000, 0x0000000707200000, 0x0000000707400000|  0%| F|  |TAMS 0x0000000707200000| PB 0x0000000707200000| Untracked 
|  38|0x0000000707400000, 0x0000000707400000, 0x0000000707600000|  0%| F|  |TAMS 0x0000000707400000| PB 0x0000000707400000| Untracked 
|  39|0x0000000707600000, 0x0000000707600000, 0x0000000707800000|  0%| F|  |TAMS 0x0000000707600000| PB 0x0000000707600000| Untracked 
|  40|0x0000000707800000, 0x0000000707800000, 0x0000000707a00000|  0%| F|  |TAMS 0x0000000707800000| PB 0x0000000707800000| Untracked 
|  41|0x0000000707a00000, 0x0000000707a00000, 0x0000000707c00000|  0%| F|  |TAMS 0x0000000707a00000| PB 0x0000000707a00000| Untracked 
|  42|0x0000000707c00000, 0x0000000707c00000, 0x0000000707e00000|  0%| F|  |TAMS 0x0000000707c00000| PB 0x0000000707c00000| Untracked 
|  43|0x0000000707e00000, 0x0000000707e00000, 0x0000000708000000|  0%| F|  |TAMS 0x0000000707e00000| PB 0x0000000707e00000| Untracked 
|  44|0x0000000708000000, 0x0000000708000000, 0x0000000708200000|  0%| F|  |TAMS 0x0000000708000000| PB 0x0000000708000000| Untracked 
|  45|0x0000000708200000, 0x0000000708200000, 0x0000000708400000|  0%| F|  |TAMS 0x0000000708200000| PB 0x0000000708200000| Untracked 
|  46|0x0000000708400000, 0x0000000708400000, 0x0000000708600000|  0%| F|  |TAMS 0x0000000708400000| PB 0x0000000708400000| Untracked 
|  47|0x0000000708600000, 0x0000000708600000, 0x0000000708800000|  0%| F|  |TAMS 0x0000000708600000| PB 0x0000000708600000| Untracked 
|  48|0x0000000708800000, 0x0000000708800000, 0x0000000708a00000|  0%| F|  |TAMS 0x0000000708800000| PB 0x0000000708800000| Untracked 
|  49|0x0000000708a00000, 0x0000000708a00000, 0x0000000708c00000|  0%| F|  |TAMS 0x0000000708a00000| PB 0x0000000708a00000| Untracked 
|  50|0x0000000708c00000, 0x0000000708c00000, 0x0000000708e00000|  0%| F|  |TAMS 0x0000000708c00000| PB 0x0000000708c00000| Untracked 
|  51|0x0000000708e00000, 0x0000000708e00000, 0x0000000709000000|  0%| F|  |TAMS 0x0000000708e00000| PB 0x0000000708e00000| Untracked 
|  52|0x0000000709000000, 0x0000000709000000, 0x0000000709200000|  0%| F|  |TAMS 0x0000000709000000| PB 0x0000000709000000| Untracked 
|  53|0x0000000709200000, 0x0000000709200000, 0x0000000709400000|  0%| F|  |TAMS 0x0000000709200000| PB 0x0000000709200000| Untracked 
|  54|0x0000000709400000, 0x0000000709400000, 0x0000000709600000|  0%| F|  |TAMS 0x0000000709400000| PB 0x0000000709400000| Untracked 
|  55|0x0000000709600000, 0x0000000709600000, 0x0000000709800000|  0%| F|  |TAMS 0x0000000709600000| PB 0x0000000709600000| Untracked 
|  67|0x000000070ae00000, 0x000000070ae00000, 0x000000070b000000|  0%| F|  |TAMS 0x000000070ae00000| PB 0x000000070ae00000| Untracked 
|  68|0x000000070b000000, 0x000000070b000000, 0x000000070b200000|  0%| F|  |TAMS 0x000000070b000000| PB 0x000000070b000000| Untracked 
| 126|0x0000000712400000, 0x0000000712400000, 0x0000000712600000|  0%| F|  |TAMS 0x0000000712400000| PB 0x0000000712400000| Untracked 

Card table byte_map: [0x00000168c7620000,0x00000168c7e10000] _byte_map_base: 0x00000168c3e0c000

Marking Bits: (CMBitMap*) 0x00000168c0289b00
 Bits: [0x00000168c7e10000, 0x00000168cbd70000)

Polling page: 0x00000168be160000

Metaspace:

Usage:
  Non-class:     68.41 MB used.
      Class:     10.68 MB used.
       Both:     79.09 MB used.

Virtual space:
  Non-class space:      128.00 MB reserved,      68.81 MB ( 54%) committed,  2 nodes.
      Class space:        1.00 GB reserved,      11.00 MB (  1%) committed,  1 nodes.
             Both:        1.12 GB reserved,      79.81 MB (  7%) committed. 

Chunk freelists:
   Non-Class:  10.69 MB
       Class:  4.89 MB
        Both:  15.58 MB

MaxMetaspaceSize: unlimited
CompressedClassSpaceSize: 1.00 GB
Initial GC threshold: 21.00 MB
Current GC threshold: 132.00 MB
CDS: off
 - commit_granule_bytes: 65536.
 - commit_granule_words: 8192.
 - virtual_space_node_default_size: 8388608.
 - enlarge_chunks_in_place: 1.
 - use_allocation_guard: 0.


Internal statistics:

num_allocs_failed_limit: 9.
num_arena_births: 992.
num_arena_deaths: 0.
num_vsnodes_births: 3.
num_vsnodes_deaths: 0.
num_space_committed: 1277.
num_space_uncommitted: 0.
num_chunks_returned_to_freelist: 9.
num_chunks_taken_from_freelist: 3523.
num_chunk_merges: 6.
num_chunk_splits: 2556.
num_chunks_enlarged: 1978.
num_inconsistent_stats: 0.

CodeCache: size=49152Kb used=16631Kb max_used=16858Kb free=32520Kb
 bounds [0x00000168c3d20000, 0x00000168c4da0000, 0x00000168c6d20000]
 total_blobs=9040 nmethods=8335 adapters=624
 compilation: enabled
              stopped_count=0, restarted_count=0
 full_count=0

Compilation events (20 events):
Event: 20.691 Thread 0x00000168ce95fd90 nmethod 9430 0x00000168c44a6290 code [0x00000168c44a6460, 0x00000168c44a6700]
Event: 20.691 Thread 0x00000168ce883fd0 nmethod 9429 0x00000168c44a5b10 code [0x00000168c44a5cc0, 0x00000168c44a5f98]
Event: 20.698 Thread 0x00000168d373bd80 9432       1       org.springframework.transaction.interceptor.TransactionAttributeSourcePointcut$TransactionAttributeSourceClassFilter::matches (61 bytes)
Event: 20.699 Thread 0x00000168d373bd80 nmethod 9432 0x00000168c45b3c10 code [0x00000168c45b3de0, 0x00000168c45b4008]
Event: 20.700 Thread 0x00000168ce95fd90 9433       1       org.springframework.aop.support.DefaultPointcutAdvisor::getPointcut (5 bytes)
Event: 20.701 Thread 0x00000168ce95fd90 nmethod 9433 0x00000168c451fc10 code [0x00000168c451fda0, 0x00000168c451fe70]
Event: 20.704 Thread 0x00000168d373bd80 9434   !   1       jdk.proxy1.$Proxy5::annotationType (29 bytes)
Event: 20.704 Thread 0x00000168d373bd80 nmethod 9434 0x00000168c45b3490 code [0x00000168c45b3660, 0x00000168c45b3890]
Event: 20.704 Thread 0x00000168ce95fd90 9435   !   1       jdk.proxy2.$Proxy93::annotationType (29 bytes)
Event: 20.705 Thread 0x00000168ce95fd90 nmethod 9435 0x00000168c4b7eb10 code [0x00000168c4b7ece0, 0x00000168c4b7ef10]
Event: 20.716 Thread 0x00000168ce883fd0 9437       1       org.springframework.beans.AbstractNestablePropertyAccessor::convertForProperty (15 bytes)
Event: 20.716 Thread 0x00000168ce963480 9436       1       org.springframework.beans.GenericTypeAwarePropertyDescriptor::getTypeDescriptor (49 bytes)
Event: 20.716 Thread 0x00000168ce95fd90 9438   !   1       org.springframework.beans.AbstractNestablePropertyAccessor::convertIfNecessary (115 bytes)
Event: 20.717 Thread 0x00000168ce883fd0 nmethod 9437 0x00000168c4543410 code [0x00000168c45435c0, 0x00000168c45436b0]
Event: 20.717 Thread 0x00000168ce963480 nmethod 9436 0x00000168c4521010 code [0x00000168c45211c0, 0x00000168c4521440]
Event: 20.719 Thread 0x00000168ce95fd90 nmethod 9438 0x00000168c454b590 code [0x00000168c454b7e0, 0x00000168c454bef8]
Event: 20.726 Thread 0x00000168d373bd80 9439       1       org.hibernate.metamodel.model.domain.AbstractIdentifiableType::hasSingleIdAttribute (20 bytes)
Event: 20.726 Thread 0x00000168d373bd80 nmethod 9439 0x00000168c4561a10 code [0x00000168c4561ba0, 0x00000168c4561c98]
Event: 20.728 Thread 0x00000168d373bd80 9440       1       org.springframework.util.ConcurrentReferenceHashMap$EntryIterator::moveToNextSegment (55 bytes)
Event: 20.729 Thread 0x00000168d373bd80 nmethod 9440 0x00000168c4578610 code [0x00000168c45787c0, 0x00000168c45789a8]

GC Heap History (20 events):
Event: 11.230 GC heap after
{Heap after GC invocations=15 (full 0):
 garbage-first heap   total 90112K, used 40949K [0x0000000702800000, 0x0000000800000000)
  region size 2048K, 3 young (6144K), 3 survivors (6144K)
 Metaspace       used 59864K, committed 60480K, reserved 1114112K
  class space    used 7700K, committed 8000K, reserved 1048576K
}
Event: 12.406 GC heap before
{Heap before GC invocations=16 (full 0):
 garbage-first heap   total 90112K, used 77813K [0x0000000702800000, 0x0000000800000000)
  region size 2048K, 21 young (43008K), 3 survivors (6144K)
 Metaspace       used 65651K, committed 66240K, reserved 1114112K
  class space    used 8704K, committed 8960K, reserved 1048576K
}
Event: 12.418 GC heap after
{Heap after GC invocations=17 (full 0):
 garbage-first heap   total 90112K, used 42854K [0x0000000702800000, 0x0000000800000000)
  region size 2048K, 1 young (2048K), 1 survivors (2048K)
 Metaspace       used 65651K, committed 66240K, reserved 1114112K
  class space    used 8704K, committed 8960K, reserved 1048576K
}
Event: 12.829 GC heap before
{Heap before GC invocations=17 (full 0):
 garbage-first heap   total 90112K, used 77670K [0x0000000702800000, 0x0000000800000000)
  region size 2048K, 18 young (36864K), 1 survivors (2048K)
 Metaspace       used 65928K, committed 66560K, reserved 1114112K
  class space    used 8730K, committed 9024K, reserved 1048576K
}
Event: 12.840 GC heap after
{Heap after GC invocations=18 (full 0):
 garbage-first heap   total 108544K, used 42876K [0x0000000702800000, 0x0000000800000000)
  region size 2048K, 1 young (2048K), 1 survivors (2048K)
 Metaspace       used 65928K, committed 66560K, reserved 1114112K
  class space    used 8730K, committed 9024K, reserved 1048576K
}
Event: 13.360 GC heap before
{Heap before GC invocations=18 (full 0):
 garbage-first heap   total 108544K, used 98172K [0x0000000702800000, 0x0000000800000000)
  region size 2048K, 28 young (57344K), 1 survivors (2048K)
 Metaspace       used 66329K, committed 66944K, reserved 1114112K
  class space    used 8759K, committed 9024K, reserved 1048576K
}
Event: 13.364 GC heap after
{Heap after GC invocations=19 (full 0):
 garbage-first heap   total 108544K, used 43387K [0x0000000702800000, 0x0000000800000000)
  region size 2048K, 2 young (4096K), 2 survivors (4096K)
 Metaspace       used 66329K, committed 66944K, reserved 1114112K
  class space    used 8759K, committed 9024K, reserved 1048576K
}
Event: 13.770 GC heap before
{Heap before GC invocations=19 (full 0):
 garbage-first heap   total 108544K, used 94587K [0x0000000702800000, 0x0000000800000000)
  region size 2048K, 27 young (55296K), 2 survivors (4096K)
 Metaspace       used 66704K, committed 67328K, reserved 1114112K
  class space    used 8788K, committed 9088K, reserved 1048576K
}
Event: 13.774 GC heap after
{Heap after GC invocations=20 (full 0):
 garbage-first heap   total 108544K, used 44120K [0x0000000702800000, 0x0000000800000000)
  region size 2048K, 2 young (4096K), 2 survivors (4096K)
 Metaspace       used 66704K, committed 67328K, reserved 1114112K
  class space    used 8788K, committed 9088K, reserved 1048576K
}
Event: 17.320 GC heap before
{Heap before GC invocations=20 (full 0):
 garbage-first heap   total 108544K, used 95320K [0x0000000702800000, 0x0000000800000000)
  region size 2048K, 27 young (55296K), 2 survivors (4096K)
 Metaspace       used 70498K, committed 71104K, reserved 1114112K
  class space    used 9323K, committed 9600K, reserved 1048576K
}
Event: 17.331 GC heap after
{Heap after GC invocations=21 (full 0):
 garbage-first heap   total 108544K, used 50546K [0x0000000702800000, 0x0000000800000000)
  region size 2048K, 4 young (8192K), 4 survivors (8192K)
 Metaspace       used 70498K, committed 71104K, reserved 1114112K
  class space    used 9323K, committed 9600K, reserved 1048576K
}
Event: 18.456 GC heap before
{Heap before GC invocations=22 (full 0):
 garbage-first heap   total 108544K, used 89458K [0x0000000702800000, 0x0000000800000000)
  region size 2048K, 24 young (49152K), 4 survivors (8192K)
 Metaspace       used 74937K, committed 75584K, reserved 1179648K
  class space    used 10021K, committed 10304K, reserved 1048576K
}
Event: 18.473 GC heap after
{Heap after GC invocations=23 (full 0):
 garbage-first heap   total 108544K, used 54769K [0x0000000702800000, 0x0000000800000000)
  region size 2048K, 2 young (4096K), 2 survivors (4096K)
 Metaspace       used 74937K, committed 75584K, reserved 1179648K
  class space    used 10021K, committed 10304K, reserved 1048576K
}
Event: 19.162 GC heap before
{Heap before GC invocations=23 (full 0):
 garbage-first heap   total 108544K, used 93681K [0x0000000702800000, 0x0000000800000000)
  region size 2048K, 22 young (45056K), 2 survivors (4096K)
 Metaspace       used 78331K, committed 79040K, reserved 1179648K
  class space    used 10619K, committed 10944K, reserved 1048576K
}
Event: 19.173 GC heap after
{Heap after GC invocations=24 (full 0):
 garbage-first heap   total 108544K, used 56495K [0x0000000702800000, 0x0000000800000000)
  region size 2048K, 3 young (6144K), 3 survivors (6144K)
 Metaspace       used 78331K, committed 79040K, reserved 1179648K
  class space    used 10619K, committed 10944K, reserved 1048576K
}
Event: 19.766 GC heap before
{Heap before GC invocations=24 (full 0):
 garbage-first heap   total 108544K, used 91311K [0x0000000702800000, 0x0000000800000000)
  region size 2048K, 21 young (43008K), 3 survivors (6144K)
 Metaspace       used 80352K, committed 81088K, reserved 1179648K
  class space    used 10879K, committed 11200K, reserved 1048576K
}
Event: 19.775 GC heap after
{Heap after GC invocations=25 (full 0):
 garbage-first heap   total 108544K, used 59798K [0x0000000702800000, 0x0000000800000000)
  region size 2048K, 3 young (6144K), 3 survivors (6144K)
 Metaspace       used 80352K, committed 81088K, reserved 1179648K
  class space    used 10879K, committed 11200K, reserved 1048576K
}
Event: 20.144 GC heap before
{Heap before GC invocations=26 (full 0):
 garbage-first heap   total 120832K, used 92566K [0x0000000702800000, 0x0000000800000000)
  region size 2048K, 19 young (38912K), 3 survivors (6144K)
 Metaspace       used 80640K, committed 81408K, reserved 1179648K
  class space    used 10905K, committed 11264K, reserved 1048576K
}
Event: 20.154 GC heap after
{Heap after GC invocations=27 (full 0):
 garbage-first heap   total 120832K, used 61031K [0x0000000702800000, 0x0000000800000000)
  region size 2048K, 3 young (6144K), 3 survivors (6144K)
 Metaspace       used 80640K, committed 81408K, reserved 1179648K
  class space    used 10905K, committed 11264K, reserved 1048576K
}
Event: 20.746 GC heap before
{Heap before GC invocations=27 (full 0):
 garbage-first heap   total 120832K, used 104039K [0x0000000702800000, 0x0000000800000000)
  region size 2048K, 24 young (49152K), 3 survivors (6144K)
 Metaspace       used 80991K, committed 81728K, reserved 1179648K
  class space    used 10936K, committed 11264K, reserved 1048576K
}

Dll operation events (11 events):
Event: 0.013 Loaded shared library D:\Stage2024\sts-4.23.1.RELEASE\plugins\org.eclipse.justj.openjdk.hotspot.jre.full.win32.x86_64_21.0.3.v20240426-1530\jre\bin\java.dll
Event: 0.021 Loaded shared library D:\Stage2024\sts-4.23.1.RELEASE\plugins\org.eclipse.justj.openjdk.hotspot.jre.full.win32.x86_64_21.0.3.v20240426-1530\jre\bin\zip.dll
Event: 0.341 Loaded shared library D:\Stage2024\sts-4.23.1.RELEASE\plugins\org.eclipse.justj.openjdk.hotspot.jre.full.win32.x86_64_21.0.3.v20240426-1530\jre\bin\jimage.dll
Event: 0.359 Loaded shared library D:\Stage2024\sts-4.23.1.RELEASE\plugins\org.eclipse.justj.openjdk.hotspot.jre.full.win32.x86_64_21.0.3.v20240426-1530\jre\bin\net.dll
Event: 0.362 Loaded shared library D:\Stage2024\sts-4.23.1.RELEASE\plugins\org.eclipse.justj.openjdk.hotspot.jre.full.win32.x86_64_21.0.3.v20240426-1530\jre\bin\nio.dll
Event: 0.373 Loaded shared library D:\Stage2024\sts-4.23.1.RELEASE\plugins\org.eclipse.justj.openjdk.hotspot.jre.full.win32.x86_64_21.0.3.v20240426-1530\jre\bin\zip.dll
Event: 0.709 Loaded shared library D:\Stage2024\sts-4.23.1.RELEASE\plugins\org.eclipse.justj.openjdk.hotspot.jre.full.win32.x86_64_21.0.3.v20240426-1530\jre\bin\management.dll
Event: 0.733 Loaded shared library D:\Stage2024\sts-4.23.1.RELEASE\plugins\org.eclipse.justj.openjdk.hotspot.jre.full.win32.x86_64_21.0.3.v20240426-1530\jre\bin\management_ext.dll
Event: 1.287 Loaded shared library D:\Stage2024\sts-4.23.1.RELEASE\plugins\org.eclipse.justj.openjdk.hotspot.jre.full.win32.x86_64_21.0.3.v20240426-1530\jre\bin\extnet.dll
Event: 3.232 Loaded shared library D:\Stage2024\sts-4.23.1.RELEASE\plugins\org.eclipse.justj.openjdk.hotspot.jre.full.win32.x86_64_21.0.3.v20240426-1530\jre\bin\verify.dll
Event: 4.078 Loaded shared library D:\Stage2024\sts-4.23.1.RELEASE\plugins\org.eclipse.justj.openjdk.hotspot.jre.full.win32.x86_64_21.0.3.v20240426-1530\jre\bin\sunmscapi.dll

Deoptimization events (8 events):
Event: 12.045 Thread 0x00000168d40dfe50 DEOPT PACKING pc=0x00000168c49e82dc sp=0x000000315c5fc900
Event: 12.045 Thread 0x00000168d40dfe50 DEOPT UNPACKING pc=0x00000168c3d74e42 sp=0x000000315c5fbd88 mode 0
Event: 17.367 Thread 0x00000168d40dfe50 DEOPT PACKING pc=0x00000168c43c5401 sp=0x000000315c5fbc40
Event: 17.367 Thread 0x00000168d40dfe50 DEOPT UNPACKING pc=0x00000168c3d74e42 sp=0x000000315c5fb148 mode 3
Event: 17.629 Thread 0x00000168d40dfe50 DEOPT PACKING pc=0x00000168c43a5b44 sp=0x000000315c5fc240
Event: 17.629 Thread 0x00000168d40dfe50 DEOPT UNPACKING pc=0x00000168c3d74e42 sp=0x000000315c5fb798 mode 0
Event: 19.766 Thread 0x00000168d3c44df0 DEOPT PACKING pc=0x00000168c4c54cbc sp=0x000000315c1fedd0
Event: 19.766 Thread 0x00000168d3c44df0 DEOPT UNPACKING pc=0x00000168c3d74e42 sp=0x000000315c1fe268 mode 0

Classes loaded (20 events):
Event: 19.334 Loading class javax/net/ssl/X509KeyManager
Event: 19.334 Loading class javax/net/ssl/X509KeyManager done
Event: 19.334 Loading class javax/net/ssl/X509ExtendedKeyManager done
Event: 19.334 Loading class sun/security/ssl/DummyX509KeyManager done
Event: 19.334 Loading class sun/security/ssl/AbstractTrustManagerWrapper
Event: 19.334 Loading class sun/security/ssl/AbstractTrustManagerWrapper done
Event: 19.336 Loading class sun/security/ssl/SSLSocketFactoryImpl
Event: 19.336 Loading class sun/security/ssl/SSLSocketFactoryImpl done
Event: 19.340 Loading class javax/net/ssl/SSLSocket
Event: 19.340 Loading class javax/net/ssl/SSLSocket done
Event: 19.342 Loading class javax/net/ssl/SSLHandshakeException
Event: 19.342 Loading class javax/net/ssl/SSLHandshakeException done
Event: 19.344 Loading class javax/net/ssl/SSLPeerUnverifiedException
Event: 19.345 Loading class javax/net/ssl/SSLPeerUnverifiedException done
Event: 19.423 Loading class java/net/NoRouteToHostException
Event: 19.423 Loading class java/net/NoRouteToHostException done
Event: 19.435 Loading class java/util/zip/GZIPInputStream
Event: 19.435 Loading class java/util/zip/GZIPInputStream done
Event: 19.491 Loading class java/security/cert/CertificateParsingException
Event: 19.491 Loading class java/security/cert/CertificateParsingException done

Classes unloaded (0 events):
No events

Classes redefined (0 events):
No events

Internal exceptions (20 events):
Event: 11.452 Thread 0x00000168d40dfe50 Exception <a 'java/lang/NoSuchMethodError'{0x000000070788bf20}: 'java.lang.Object java.lang.invoke.DirectMethodHandle$Holder.invokeStaticInit(java.lang.Object, java.lang.Object, int, java.lang.Object)'> (0x000000070788bf20) 
thrown [s\src\hotspot\share\interpreter\linkResolver.cpp, line 773]
Event: 11.507 Thread 0x00000168d40dfe50 Exception <a 'java/lang/IncompatibleClassChangeError'{0x0000000707606108}: Found class java.lang.Object, but interface was expected> (0x0000000707606108) 
thrown [s\src\hotspot\share\interpreter\linkResolver.cpp, line 840]
Event: 13.860 Thread 0x00000168d40dfe50 Exception <a 'java/lang/NoSuchMethodError'{0x0000000708b169d8}: 'java.lang.Object java.lang.invoke.DirectMethodHandle$Holder.newInvokeSpecial(java.lang.Object, java.lang.Object, java.lang.Object, java.lang.Object, java.lang.Object, java.lang.Object)'> (0x0000000708b169d8) 
thrown [s\src\hotspot\share\interpreter\linkResolver.cpp, line 773]
Event: 13.927 Thread 0x00000168d40dfe50 Exception <a 'java/lang/NoSuchMethodError'{0x00000007088f6128}: 'int java.lang.invoke.DirectMethodHandle$Holder.invokeStatic(java.lang.Object, java.lang.Object, java.lang.Object, java.lang.Object, java.lang.Object)'> (0x00000007088f6128) 
thrown [s\src\hotspot\share\interpreter\linkResolver.cpp, line 773]
Event: 14.013 Thread 0x00000168d40dfe50 Exception <a 'java/lang/NoSuchMethodError'{0x0000000708735410}: 'void java.lang.invoke.DirectMethodHandle$Holder.invokeSpecial(java.lang.Object, java.lang.Object, java.lang.Object, java.lang.Object, java.lang.Object, java.lang.Object, java.lang.Object, java.lang.Object)'> (0x0000000708735410) 
thrown [s\src\hotspot\share\interpreter\linkResolver.cpp, line 773]
Event: 14.021 Thread 0x00000168d40dfe50 Exception <a 'java/lang/NoSuchMethodError'{0x0000000708778c78}: 'java.lang.Object java.lang.invoke.DirectMethodHandle$Holder.newInvokeSpecial(java.lang.Object, java.lang.Object, int, java.lang.Object, int, java.lang.Object, java.lang.Object, java.lang.Object)'> (0x0000000708778c78) 
thrown [s\src\hotspot\share\interpreter\linkResolver.cpp, line 773]
Event: 14.023 Thread 0x00000168d40dfe50 Exception <a 'java/lang/NoSuchMethodError'{0x0000000708784348}: 'int java.lang.invoke.DirectMethodHandle$Holder.invokeSpecial(java.lang.Object, java.lang.Object, java.lang.Object, java.lang.Object, java.lang.Object, java.lang.Object)'> (0x0000000708784348) 
thrown [s\src\hotspot\share\interpreter\linkResolver.cpp, line 773]
Event: 14.054 Thread 0x00000168d40dfe50 Exception <a 'java/lang/NoSuchMethodError'{0x000000070842d478}: 'java.lang.Object java.lang.invoke.DirectMethodHandle$Holder.newInvokeSpecial(java.lang.Object, java.lang.Object, java.lang.Object, java.lang.Object, java.lang.Object, java.lang.Object, java.lang.Object, int)'> (0x000000070842d478) 
thrown [s\src\hotspot\share\interpreter\linkResolver.cpp, line 773]
Event: 14.054 Thread 0x00000168d40dfe50 Exception <a 'java/lang/NoSuchMethodError'{0x00000007084319d8}: 'java.lang.Object java.lang.invoke.DirectMethodHandle$Holder.invokeSpecial(java.lang.Object, java.lang.Object, java.lang.Object, java.lang.Object, java.lang.Object, java.lang.Object, java.lang.Object, java.lang.Object, int)'> (0x00000007084319d8) 
thrown [s\src\hotspot\share\interpreter\linkResolver.cpp, line 773]
Event: 14.280 Thread 0x00000168d40dfe50 Exception <a 'java/lang/NoSuchMethodError'{0x0000000707d9d600}: 'void java.lang.invoke.DirectMethodHandle$Holder.invokeInterface(java.lang.Object, java.lang.Object)'> (0x0000000707d9d600) 
thrown [s\src\hotspot\share\interpreter\linkResolver.cpp, line 773]
Event: 14.842 Thread 0x00000168d40dfe50 Exception <a 'java/lang/NoSuchMethodError'{0x000000070737a258}: 'java.lang.Object java.lang.invoke.DirectMethodHandle$Holder.invokeSpecial(java.lang.Object, java.lang.Object, int, java.lang.Object, int)'> (0x000000070737a258) 
thrown [s\src\hotspot\share\interpreter\linkResolver.cpp, line 773]
Event: 17.173 Thread 0x00000168d40dfe50 Exception <a 'java/lang/IncompatibleClassChangeError'{0x00000007066f4548}: Found class java.lang.Object, but interface was expected> (0x00000007066f4548) 
thrown [s\src\hotspot\share\interpreter\linkResolver.cpp, line 840]
Event: 17.384 Thread 0x00000168d40dfe50 Exception <a 'java/lang/IncompatibleClassChangeError'{0x000000070b0e48f8}: Found class java.lang.Object, but interface was expected> (0x000000070b0e48f8) 
thrown [s\src\hotspot\share\interpreter\linkResolver.cpp, line 840]
Event: 17.440 Thread 0x00000168d40dfe50 Exception <a 'java/lang/IncompatibleClassChangeError'{0x000000070aed3ce0}: Found class java.lang.Object, but interface was expected> (0x000000070aed3ce0) 
thrown [s\src\hotspot\share\interpreter\linkResolver.cpp, line 840]
Event: 17.927 Thread 0x00000168d40dfe50 Exception <a 'java/lang/IncompatibleClassChangeError'{0x0000000707fb0ef0}: Found class java.lang.Object, but interface was expected> (0x0000000707fb0ef0) 
thrown [s\src\hotspot\share\interpreter\linkResolver.cpp, line 840]
Event: 18.760 Thread 0x00000168d40dfe50 Exception <a 'java/lang/NoSuchMethodError'{0x0000000708517610}: 'int java.lang.invoke.DirectMethodHandle$Holder.invokeStatic(java.lang.Object)'> (0x0000000708517610) 
thrown [s\src\hotspot\share\interpreter\linkResolver.cpp, line 773]
Event: 18.862 Thread 0x00000168d40dfe50 Exception <a 'java/lang/NoSuchMethodError'{0x00000007083e2e00}: 'java.lang.Object java.lang.invoke.DirectMethodHandle$Holder.newInvokeSpecial(java.lang.Object, java.lang.Object, int)'> (0x00000007083e2e00) 
thrown [s\src\hotspot\share\interpreter\linkResolver.cpp, line 773]
Event: 18.867 Thread 0x00000168d40dfe50 Exception <a 'java/lang/NoSuchMethodError'{0x0000000708003fd0}: 'java.lang.Object java.lang.invoke.Invokers$Holder.invoke_MT(java.lang.Object, java.lang.Object, java.lang.Object, java.lang.Object, java.lang.Object, java.lang.Object, java.lang.Object, java.lang.Object, java.lang.Object)'> (0x0000000708003fd0) 
thrown [s\src\hotspot\share\interpreter\linkResolver.cpp, line 773]
Event: 18.870 Thread 0x00000168d40dfe50 Exception <a 'java/lang/IncompatibleClassChangeError'{0x000000070802b868}: Found class java.lang.Object, but interface was expected> (0x000000070802b868) 
thrown [s\src\hotspot\share\interpreter\linkResolver.cpp, line 840]
Event: 19.679 Thread 0x00000168d40dfe50 Exception <a 'java/lang/NoSuchMethodError'{0x0000000707b9b230}: 'void java.lang.invoke.Invokers$Holder.invokeExact_MT(java.lang.Object, java.lang.Object, int, java.lang.Object)'> (0x0000000707b9b230) 
thrown [s\src\hotspot\share\interpreter\linkResolver.cpp, line 773]

ZGC Phase Switch (0 events):
No events

VM Operations (20 events):
Event: 18.377 Executing VM operation: HandshakeAllThreads (Deoptimize) done
Event: 18.456 Executing VM operation: G1CollectForAllocation (G1 Evacuation Pause)
Event: 18.473 Executing VM operation: G1CollectForAllocation (G1 Evacuation Pause) done
Event: 18.775 Executing VM operation: HandshakeAllThreads (Deoptimize)
Event: 18.775 Executing VM operation: HandshakeAllThreads (Deoptimize) done
Event: 19.162 Executing VM operation: G1CollectForAllocation (G1 Evacuation Pause)
Event: 19.173 Executing VM operation: G1CollectForAllocation (G1 Evacuation Pause) done
Event: 19.342 Executing VM operation: HandshakeAllThreads (Deoptimize)
Event: 19.342 Executing VM operation: HandshakeAllThreads (Deoptimize) done
Event: 19.549 Executing VM operation: HandshakeAllThreads (Deoptimize)
Event: 19.549 Executing VM operation: HandshakeAllThreads (Deoptimize) done
Event: 19.766 Executing VM operation: G1CollectForAllocation (G1 Evacuation Pause)
Event: 19.776 Executing VM operation: G1CollectForAllocation (G1 Evacuation Pause) done
Event: 19.860 Executing VM operation: G1PauseRemark
Event: 19.869 Executing VM operation: G1PauseRemark done
Event: 19.896 Executing VM operation: G1PauseCleanup
Event: 19.896 Executing VM operation: G1PauseCleanup done
Event: 20.144 Executing VM operation: G1CollectForAllocation (G1 Evacuation Pause)
Event: 20.154 Executing VM operation: G1CollectForAllocation (G1 Evacuation Pause) done
Event: 20.746 Executing VM operation: G1CollectForAllocation (G1 Evacuation Pause)

Events (20 events):
Event: 19.868 Thread 0x00000168ce7ee890 flushing nmethod 0x00000168c4007e10
Event: 19.868 Thread 0x00000168ce7ee890 flushing nmethod 0x00000168c4006510
Event: 19.868 Thread 0x00000168ce7ee890 flushing nmethod 0x00000168c4005610
Event: 19.868 Thread 0x00000168ce7ee890 flushing nmethod 0x00000168c3fe3d90
Event: 19.868 Thread 0x00000168ce7ee890 flushing nmethod 0x00000168c3fe3790
Event: 19.868 Thread 0x00000168ce7ee890 flushing nmethod 0x00000168c3fe3490
Event: 19.868 Thread 0x00000168ce7ee890 flushing nmethod 0x00000168c3fd3090
Event: 19.868 Thread 0x00000168ce7ee890 flushing nmethod 0x00000168c3fb2f90
Event: 19.868 Thread 0x00000168ce7ee890 flushing nmethod 0x00000168c3fd0990
Event: 19.868 Thread 0x00000168ce7ee890 flushing nmethod 0x00000168c3fc1010
Event: 19.868 Thread 0x00000168ce7ee890 flushing nmethod 0x00000168c3fb1710
Event: 19.868 Thread 0x00000168ce7ee890 flushing nmethod 0x00000168c3fcf210
Event: 19.868 Thread 0x00000168ce7ee890 flushing nmethod 0x00000168c3fcef10
Event: 19.868 Thread 0x00000168ce7ee890 flushing nmethod 0x00000168c3fca410
Event: 19.868 Thread 0x00000168ce7ee890 flushing nmethod 0x00000168c3efff10
Event: 19.868 Thread 0x00000168ce7ee890 flushing nmethod 0x00000168c3f00c10
Event: 19.868 Thread 0x00000168ce7ee890 flushing nmethod 0x00000168c3e30590
Event: 19.868 Thread 0x00000168ce7ee890 flushing nmethod 0x00000168c3f96d90
Event: 19.868 Thread 0x00000168ce7ee890 flushing nmethod 0x00000168c3e6ad90
Event: 19.868 Thread 0x00000168ce7ee890 flushing nmethod 0x00000168c3e33910


Dynamic libraries:
0x00007ff662c20000 - 0x00007ff662c2e000 	D:\Stage2024\sts-4.23.1.RELEASE\plugins\org.eclipse.justj.openjdk.hotspot.jre.full.win32.x86_64_21.0.3.v20240426-1530\jre\bin\javaw.exe
0x00007ffa81550000 - 0x00007ffa81748000 	C:\Windows\SYSTEM32\ntdll.dll
0x00007ffa80340000 - 0x00007ffa803ff000 	C:\Windows\System32\KERNEL32.DLL
0x00007ffa7efe0000 - 0x00007ffa7f2d6000 	C:\Windows\System32\KERNELBASE.dll
0x00007ffa7ec30000 - 0x00007ffa7ed30000 	C:\Windows\System32\ucrtbase.dll
0x00007ffa76990000 - 0x00007ffa769a8000 	D:\Stage2024\sts-4.23.1.RELEASE\plugins\org.eclipse.justj.openjdk.hotspot.jre.full.win32.x86_64_21.0.3.v20240426-1530\jre\bin\jli.dll
0x00007ffa62e70000 - 0x00007ffa62e8b000 	D:\Stage2024\sts-4.23.1.RELEASE\plugins\org.eclipse.justj.openjdk.hotspot.jre.full.win32.x86_64_21.0.3.v20240426-1530\jre\bin\VCRUNTIME140.dll
0x00007ffa7f5b0000 - 0x00007ffa7f74d000 	C:\Windows\System32\USER32.dll
0x00007ffa7ed30000 - 0x00007ffa7ed52000 	C:\Windows\System32\win32u.dll
0x00007ffa6a9c0000 - 0x00007ffa6ac5a000 	C:\Windows\WinSxS\amd64_microsoft.windows.common-controls_6595b64144ccf1df_6.0.19041.1110_none_60b5254171f9507e\COMCTL32.dll
0x00007ffa80f50000 - 0x00007ffa80f7c000 	C:\Windows\System32\GDI32.dll
0x00007ffa7f7d0000 - 0x00007ffa7f86e000 	C:\Windows\System32\msvcrt.dll
0x00007ffa7ed60000 - 0x00007ffa7ee75000 	C:\Windows\System32\gdi32full.dll
0x00007ffa7eed0000 - 0x00007ffa7ef6d000 	C:\Windows\System32\msvcp_win.dll
0x00007ffa80f80000 - 0x00007ffa80fb0000 	C:\Windows\System32\IMM32.DLL
0x00007ffa78390000 - 0x00007ffa7839c000 	D:\Stage2024\sts-4.23.1.RELEASE\plugins\org.eclipse.justj.openjdk.hotspot.jre.full.win32.x86_64_21.0.3.v20240426-1530\jre\bin\vcruntime140_1.dll
0x00007ffa27be0000 - 0x00007ffa27c6e000 	D:\Stage2024\sts-4.23.1.RELEASE\plugins\org.eclipse.justj.openjdk.hotspot.jre.full.win32.x86_64_21.0.3.v20240426-1530\jre\bin\msvcp140.dll
0x00007ffa14fe0000 - 0x00007ffa15d62000 	D:\Stage2024\sts-4.23.1.RELEASE\plugins\org.eclipse.justj.openjdk.hotspot.jre.full.win32.x86_64_21.0.3.v20240426-1530\jre\bin\server\jvm.dll
0x00007ffa80d10000 - 0x00007ffa80dbf000 	C:\Windows\System32\ADVAPI32.dll
0x00007ffa808e0000 - 0x00007ffa8097c000 	C:\Windows\System32\sechost.dll
0x00007ffa80ab0000 - 0x00007ffa80bd6000 	C:\Windows\System32\RPCRT4.dll
0x00007ffa80a40000 - 0x00007ffa80aab000 	C:\Windows\System32\WS2_32.dll
0x00007ffa7e1b0000 - 0x00007ffa7e1fb000 	C:\Windows\SYSTEM32\POWRPROF.dll
0x00007ffa63910000 - 0x00007ffa63937000 	C:\Windows\SYSTEM32\WINMM.dll
0x00007ffa7bd70000 - 0x00007ffa7bd7a000 	C:\Windows\SYSTEM32\VERSION.dll
0x00007ffa7e020000 - 0x00007ffa7e032000 	C:\Windows\SYSTEM32\UMPDC.dll
0x00007ffa7cc80000 - 0x00007ffa7cc92000 	C:\Windows\SYSTEM32\kernel.appcore.dll
0x00007ffa7a050000 - 0x00007ffa7a05a000 	D:\Stage2024\sts-4.23.1.RELEASE\plugins\org.eclipse.justj.openjdk.hotspot.jre.full.win32.x86_64_21.0.3.v20240426-1530\jre\bin\jimage.dll
0x00007ffa7c6e0000 - 0x00007ffa7c8c4000 	C:\Windows\SYSTEM32\DBGHELP.DLL
0x00007ffa68ad0000 - 0x00007ffa68b04000 	C:\Windows\SYSTEM32\dbgcore.DLL
0x00007ffa7f3c0000 - 0x00007ffa7f442000 	C:\Windows\System32\bcryptPrimitives.dll
0x00007ffa77e00000 - 0x00007ffa77e1f000 	D:\Stage2024\sts-4.23.1.RELEASE\plugins\org.eclipse.justj.openjdk.hotspot.jre.full.win32.x86_64_21.0.3.v20240426-1530\jre\bin\java.dll
0x00007ffa76960000 - 0x00007ffa76978000 	D:\Stage2024\sts-4.23.1.RELEASE\plugins\org.eclipse.justj.openjdk.hotspot.jre.full.win32.x86_64_21.0.3.v20240426-1530\jre\bin\zip.dll
0x00007ffa7fbf0000 - 0x00007ffa80334000 	C:\Windows\System32\SHELL32.dll
0x00007ffa7cca0000 - 0x00007ffa7d433000 	C:\Windows\SYSTEM32\windows.storage.dll
0x00007ffa7f870000 - 0x00007ffa7fbc4000 	C:\Windows\System32\combase.dll
0x00007ffa7e5a0000 - 0x00007ffa7e5ce000 	C:\Windows\SYSTEM32\Wldp.dll
0x00007ffa81460000 - 0x00007ffa8150d000 	C:\Windows\System32\SHCORE.dll
0x00007ffa809e0000 - 0x00007ffa80a35000 	C:\Windows\System32\shlwapi.dll
0x00007ffa7eb70000 - 0x00007ffa7eb8f000 	C:\Windows\SYSTEM32\profapi.dll
0x00007ffa78b40000 - 0x00007ffa78b50000 	D:\Stage2024\sts-4.23.1.RELEASE\plugins\org.eclipse.justj.openjdk.hotspot.jre.full.win32.x86_64_21.0.3.v20240426-1530\jre\bin\net.dll
0x00007ffa77e70000 - 0x00007ffa77f7a000 	C:\Windows\SYSTEM32\WINHTTP.dll
0x00007ffa7e380000 - 0x00007ffa7e3ea000 	C:\Windows\system32\mswsock.dll
0x00007ffa76860000 - 0x00007ffa76876000 	D:\Stage2024\sts-4.23.1.RELEASE\plugins\org.eclipse.justj.openjdk.hotspot.jre.full.win32.x86_64_21.0.3.v20240426-1530\jre\bin\nio.dll
0x00007ffa767d0000 - 0x00007ffa767da000 	D:\Stage2024\sts-4.23.1.RELEASE\plugins\org.eclipse.justj.openjdk.hotspot.jre.full.win32.x86_64_21.0.3.v20240426-1530\jre\bin\management.dll
0x00007ffa75490000 - 0x00007ffa7549b000 	D:\Stage2024\sts-4.23.1.RELEASE\plugins\org.eclipse.justj.openjdk.hotspot.jre.full.win32.x86_64_21.0.3.v20240426-1530\jre\bin\management_ext.dll
0x00007ffa80dc0000 - 0x00007ffa80dc8000 	C:\Windows\System32\PSAPI.DLL
0x00007ffa4ba90000 - 0x00007ffa4baa7000 	C:\Windows\system32\napinsp.dll
0x00007ffa4ba70000 - 0x00007ffa4ba8b000 	C:\Windows\system32\pnrpnsp.dll
0x00007ffa793b0000 - 0x00007ffa793c5000 	C:\Windows\system32\wshbth.dll
0x00007ffa79940000 - 0x00007ffa7995d000 	C:\Windows\system32\NLAapi.dll
0x00007ffa7e040000 - 0x00007ffa7e07c000 	C:\Windows\SYSTEM32\IPHLPAPI.DLL
0x00007ffa7e080000 - 0x00007ffa7e14a000 	C:\Windows\SYSTEM32\DNSAPI.dll
0x00007ffa80dd0000 - 0x00007ffa80dd8000 	C:\Windows\System32\NSI.dll
0x00007ffa4ba40000 - 0x00007ffa4ba52000 	C:\Windows\System32\winrnr.dll
0x000000006a950000 - 0x000000006a976000 	C:\Program Files\Bonjour\mdnsNSP.dll
0x00007ffa77160000 - 0x00007ffa7716a000 	C:\Windows\System32\rasadhlp.dll
0x00007ffa743c0000 - 0x00007ffa74442000 	C:\Windows\System32\fwpuclnt.dll
0x00007ffa7f2e0000 - 0x00007ffa7f307000 	C:\Windows\System32\bcrypt.dll
0x00007ffa7e5e0000 - 0x00007ffa7e5f8000 	C:\Windows\SYSTEM32\CRYPTSP.dll
0x00007ffa7dc50000 - 0x00007ffa7dc84000 	C:\Windows\system32\rsaenh.dll
0x00007ffa7eb30000 - 0x00007ffa7eb5e000 	C:\Windows\SYSTEM32\USERENV.dll
0x00007ffa7e510000 - 0x00007ffa7e51c000 	C:\Windows\SYSTEM32\CRYPTBASE.dll
0x00007ffa77060000 - 0x00007ffa77069000 	D:\Stage2024\sts-4.23.1.RELEASE\plugins\org.eclipse.justj.openjdk.hotspot.jre.full.win32.x86_64_21.0.3.v20240426-1530\jre\bin\extnet.dll
0x00007ffa78980000 - 0x00007ffa78990000 	D:\Stage2024\sts-4.23.1.RELEASE\plugins\org.eclipse.justj.openjdk.hotspot.jre.full.win32.x86_64_21.0.3.v20240426-1530\jre\bin\verify.dll
0x00007ffa78500000 - 0x00007ffa7850e000 	D:\Stage2024\sts-4.23.1.RELEASE\plugins\org.eclipse.justj.openjdk.hotspot.jre.full.win32.x86_64_21.0.3.v20240426-1530\jre\bin\sunmscapi.dll
0x00007ffa7f450000 - 0x00007ffa7f5ae000 	C:\Windows\System32\CRYPT32.dll
0x00007ffa7e6f0000 - 0x00007ffa7e718000 	C:\Windows\SYSTEM32\ncrypt.dll
0x00007ffa7e6b0000 - 0x00007ffa7e6eb000 	C:\Windows\SYSTEM32\NTASN1.dll

dbghelp: loaded successfully - version: 4.0.5 - missing functions: none
symbol engine: initialized successfully - sym options: 0x614 - pdb path: .;D:\Stage2024\sts-4.23.1.RELEASE\plugins\org.eclipse.justj.openjdk.hotspot.jre.full.win32.x86_64_21.0.3.v20240426-1530\jre\bin;C:\Windows\SYSTEM32;C:\Windows\WinSxS\amd64_microsoft.windows.common-controls_6595b64144ccf1df_6.0.19041.1110_none_60b5254171f9507e;D:\Stage2024\sts-4.23.1.RELEASE\plugins\org.eclipse.justj.openjdk.hotspot.jre.full.win32.x86_64_21.0.3.v20240426-1530\jre\bin\server;C:\Program Files\Bonjour

VM Arguments:
jvm_args: -Dcom.sun.management.jmxremote -Dcom.sun.management.jmxremote.port=52269 -Dcom.sun.management.jmxremote.authenticate=false -Dcom.sun.management.jmxremote.ssl=false -Djava.rmi.server.hostname=localhost -Dspring.jmx.enabled=true -Dmanagement.endpoints.jmx.exposure.include=* -Dspring.application.admin.enabled=true -XX:TieredStopAtLevel=1 -Dspring.boot.project.name=facade-api-ramadan -Dfile.encoding=UTF-8 -Dstdout.encoding=UTF-8 -Dstderr.encoding=UTF-8 -XX:+ShowCodeDetailsInExceptionMessages 
java_command: com.ramadan.api.RamadanApplication --spring.output.ansi.enabled=always
java_class_path (initial): D:\StageSpringBackend\facade-api-ramadan\target\classes;C:\Users\PC\.m2\repository\org\springframework\boot\spring-boot-starter\3.2.0\spring-boot-starter-3.2.0.jar;C:\Users\PC\.m2\repository\org\springframework\boot\spring-boot\3.2.0\spring-boot-3.2.0.jar;C:\Users\PC\.m2\repository\org\springframework\spring-context\6.1.1\spring-context-6.1.1.jar;C:\Users\PC\.m2\repository\org\springframework\boot\spring-boot-autoconfigure\3.2.0\spring-boot-autoconfigure-3.2.0.jar;C:\Users\PC\.m2\repository\org\springframework\boot\spring-boot-starter-logging\3.2.0\spring-boot-starter-logging-3.2.0.jar;C:\Users\PC\.m2\repository\ch\qos\logback\logback-classic\1.4.11\logback-classic-1.4.11.jar;C:\Users\PC\.m2\repository\ch\qos\logback\logback-core\1.4.11\logback-core-1.4.11.jar;C:\Users\PC\.m2\repository\org\apache\logging\log4j\log4j-to-slf4j\2.21.1\log4j-to-slf4j-2.21.1.jar;C:\Users\PC\.m2\repository\org\apache\logging\log4j\log4j-api\2.21.1\log4j-api-2.21.1.jar;C:\Users\PC\.m2\repository\org\slf4j\jul-to-slf4j\2.0.9\jul-to-slf4j-2.0.9.jar;C:\Users\PC\.m2\repository\jakarta\annotation\jakarta.annotation-api\2.1.1\jakarta.annotation-api-2.1.1.jar;C:\Users\PC\.m2\repository\org\springframework\spring-core\6.1.1\spring-core-6.1.1.jar;C:\Users\PC\.m2\repository\org\springframework\spring-jcl\6.1.1\spring-jcl-6.1.1.jar;C:\Users\PC\.m2\repository\org\yaml\snakeyaml\2.2\snakeyaml-2.2.jar;C:\Users\PC\.m2\repository\jakarta\xml\bind\jakarta.xml.bind-api\4.0.1\jakarta.xml.bind-api-4.0.1.jar;C:\Users\PC\.m2\repository\jakarta\activation\jakarta.activation-api\2.1.2\jakarta.activation-api-2.1.2.jar;C:\Users\PC\.m2\repository\org\springframework\boot\spring-boot-devtools\3.2.0\spring-boot-devtools-3.2.0.jar;C:\Users\PC\.m2\repository\org\springdoc\springdoc-openapi-starter-webmvc-ui\2.0.2\springdoc-openapi-starter-webmvc-ui-2.0.2.jar;C:\Users\PC\.m2\repository\org\springdoc\springdoc-openapi-starter-webmvc-api\2.0.2\springdoc-openapi-starter-webmvc-api-2.0.2.jar;C:\Users\PC\.m2\repository\org\springdoc\springdoc-openapi-starter-common\2.0.2\springdoc-openapi-starter-common-2.0.2.jar;C:\Users\PC\.m2\repository\io\swagger\core\v3\swagger-core-jakarta\2.2.7\swagger-core-jakarta-2.2.7.jar;C:\Users\PC\.m2\repository\io\swagger\core\v3\swagger-annotations-jakarta\2.2.7\swagger-annotations-jakarta-2.2.7.jar;C:\Users\PC\.m2\repository\io\swagger\core\v3\swagger-models-jakarta\2.2.7\swagger-models-jakarta-2.2.7.jar;C:\Users\PC\.m2\repository\com\fasterxml\jackson\dataformat\jackson-dataformat-yaml\2.15.3\jackson-dataformat-yaml-2.15.3.jar;C:\Users\PC\.m2\repository\com\fasterxml\jackson\datatype\jackson-datatype-jsr310\2.15.3\jackson-datatype-jsr310-2.15.3.jar;C:\Users\PC\.m2\repository\org\springframework\spring-webmvc\6.1.1\spring-webmvc-6.1.1.jar;C:\Users\PC\.m2\repository\org\webjars\swagger-ui\4.15.5\swagger-ui-4.15.5.jar;C:\Users\PC\.m2\repository\org\webjars\webjars-locator-core\0.55\webjars-locator-core-0.55.jar;C:\Users\PC\.m2\repository\io\github\classgraph\classgraph\4.8.149\classgraph-4.8.149.jar;C:\Users\PC\.m2\repository\org\springframework\boot\spring-boot-starter-validation\3.2.0\spring-boot-starter-validation-3.2.0.jar;C:\Users\PC\.m2\repository\org\apache\tomcat\embed\tomcat-embed-el\10.1.16\tomcat-embed-el-10.1.16.jar;C:\Users\PC\.m2\repository\org\hibernate\validator\hibernate-validator\8.0.1.Final\hibernate-validator-8.0.1.Final.jar;C:\Users\PC\.m2\repository\jakarta\validation\jakarta.validation-api\3.0.2\jakarta.validation-api-3.0.2.jar;C:\Users\PC\.m2\repository\io\swagger\swagger-annotations\1.5.20\swagger-annotations-1.5.20.jar;C:\Users\PC\.m2\repository\com\vonage\client\5.5.0\client-5.5.0.jar;C:\Users\PC\.m2\repository\commons-logging\commons-logging\1.2\commons-logging-1.2.jar;C:\Users\PC\.m2\repository\org\apache\httpcomponents\httpclient\4.5.8\httpclient-4.5.8.jar;C:\Users\PC\.m2\repository\org\apache\httpcomponents\httpcore\4.4.16\httpcore-4.4.16.jar;C:\Users\PC\.m2\repository\org\apache\commons\commons-lang3\3.13.0\commons-lang3-3.13.0.jar;C:\Users\PC\.m2\repository\com\fasterxml\jackson\core\jackson-databind\2.15.3\jackson-databind-2.15.3.jar;C:\Users\PC\.m2\repository\io\openapitools\jackson\dataformat\jackson-dataformat-hal\1.0.4\jackson-dataformat-hal-1.0.4.jar;C:\Users\PC\.m2\repository\com\fasterxml\jackson\jaxrs\jackson-jaxrs-json-provider\2.15.3\jackson-jaxrs-json-provider-2.15.3.jar;C:\Users\PC\.m2\repository\com\fasterxml\jackson\jaxrs\jackson-jaxrs-base\2.15.3\jackson-jaxrs-base-2.15.3.jar;C:\Users\PC\.m2\repository\com\fasterxml\jackson\module\jackson-module-jaxb-annotations\2.15.3\jackson-module-jaxb-annotations-2.15.3.jar;C:\Users\PC\.m2\repository\javax\xml\bind\jaxb-api\2.3.0\jaxb-api-2.3.0.jar;C:\Users\PC\.m2\repository\com\nexmo\jwt\1.0.1\jwt-1.0.1.jar;C:\Users\PC\.m2\repository\org\jetbrains\kotlin\kotlin-stdlib-jdk8\1.9.20\kotlin-stdlib-jdk8-1.9.20.jar;C:\Users\PC\.m2\repository\org\jetbrains\kotlin\kotlin-stdlib\1.9.20\kotlin-stdlib-1.9.20.jar;C:\Users\PC\.m2\repository\org\jetbrains\annotations\13.0\annotations-13.0.jar;C:\Users\PC\.m2\repository\org\jetbrains\kotlin\kotlin-stdlib-jdk7\1.9.20\kotlin-stdlib-jdk7-1.9.20.jar;C:\Users\PC\.m2\repository\io\jsonwebtoken\jjwt-api\0.10.5\jjwt-api-0.10.5.jar;C:\Users\PC\.m2\repository\io\jsonwebtoken\jjwt-impl\0.10.5\jjwt-impl-0.10.5.jar;C:\Users\PC\.m2\repository\io\jsonwebtoken\jjwt-jackson\0.10.5\jjwt-jackson-0.10.5.jar;C:\Users\PC\.m2\repository\org\springframework\boot\spring-boot-starter-mail\3.2.0\spring-boot-starter-mail-3.2.0.jar;C:\Users\PC\.m2\repository\org\springframework\spring-context-support\6.1.1\spring-context-support-6.1.1.jar;C:\Users\PC\.m2\repository\org\springframework\spring-beans\6.1.1\spring-beans-6.1.1.jar;C:\Users\PC\.m2\repository\org\eclipse\angus\jakarta.mail\2.0.2\jakarta.mail-2.0.2.jar;C:\Users\PC\.m2\repository\org\eclipse\angus\angus-activation\2.0.1\angus-activation-2.0.1.jar;C:\Users\PC\.m2\repository\org\springframework\security\spring-security-core\6.2.0\spring-security-core-6.2.0.jar;C:\Users\PC\.m2\repository\org\springframework\security\spring-security-crypto\6.2.0\spring-security-crypto-6.2.0.jar;C:\Users\PC\.m2\repository\org\springframework\spring-expression\6.1.1\spring-expression-6.1.1.jar;C:\Users\PC\.m2\repository\io\micrometer\micrometer-observation\1.12.0\micrometer-observation-1.12.0.jar;C:\Users\PC\.m2\repository\io\micrometer\micrometer-commons\1.12.0\micrometer-commons-1.12.0.jar;C:\Users\PC\.m2\repository\org\springframework\security\spring-security-web\6.2.0\spring-security-web-6.2.0.jar;C:\Users\PC\.m2\repository\org\springframework\boot\spring-boot-starter-oauth2-resource-server\3.2.0\spring-boot-starter-oauth2-resource-server-3.2.0.jar;C:\Users\PC\.m2\repository\org\springframework\security\spring-security-config\6.2.0\spring-security-config-6.2.0.jar;C:\Users\PC\.m2\repository\org\springframework\security\spring-security-oauth2-resource-server\6.2.0\spring-security-oauth2-resource-server-6.2.0.jar;C:\Users\PC\.m2\repository\org\springframework\security\spring-security-oauth2-core\6.2.0\spring-security-oauth2-core-6.2.0.jar;C:\Users\PC\.m2\repository\org\springframework\security\spring-security-oauth2-jose\6.2.0\spring-security-oauth2-jose-6.2.0.jar;C:\Users\PC\.m2\repository\com\nimbusds\nimbus-jose-jwt\9.24.4\nimbus-jose-jwt-9.24.4.jar;C:\Users\PC\.m2\repository\com\github\stephenc\jcip\jcip-annotations\1.0-1\jcip-annotations-1.0-1.jar;C:\Users\PC\.m2\repository\org\springframework\boot\spring-boot-starter-security\3.2.0\spring-boot-starter-security-3.2.0.jar;C:\Users\PC\.m2\repository\org\springframework\spring-aop\6.1.1\spring-aop-6.1.1.jar;C:\Users\PC\.m2\repository\org\hibernate\orm\hibernate-core\6.1.7.Final\hibernate-core-6.1.7.Final.jar;C:\Users\PC\.m2\repository\jakarta\persistence\jakarta.persistence-api\3.1.0\jakarta.persistence-api-3.1.0.jar;C:\Users\PC\.m2\repository\jakarta\transaction\jakarta.transaction-api\2.0.1\jakarta.transaction-api-2.0.1.jar;C:\Users\PC\.m2\repository\org\jboss\logging\jboss-logging\3.5.3.Final\jboss-logging-3.5.3.Final.jar;C:\Users\PC\.m2\repository\org\hibernate\common\hibernate-commons-annotations\6.0.6.Final\hibernate-commons-annotations-6.0.6.Final.jar;C:\Users\PC\.m2\repository\org\jboss\jandex\2.4.2.Final\jandex-2.4.2.Final.jar;C:\Users\PC\.m2\repository\com\fasterxml\classmate\1.6.0\classmate-1.6.0.jar;C:\Users\PC\.m2\repository\net\bytebuddy\byte-buddy\1.14.10\byte-buddy-1.14.10.jar;C:\Users\PC\.m2\repository\org\glassfish\jaxb\jaxb-runtime\4.0.4\jaxb-runtime-4.0.4.jar;C:\Users\PC\.m2\repository\org\glassfish\jaxb\jaxb-core\4.0.4\jaxb-core-4.0.4.jar;C:\Users\PC\.m2\repository\org\glassfish\jaxb\txw2\4.0.4\txw2-4.0.4.jar;C:\Users\PC\.m2\repository\com\sun\istack\istack-commons-runtime\4.1.2\istack-commons-runtime-4.1.2.jar;C:\Users\PC\.m2\repository\jakarta\inject\jakarta.inject-api\2.0.0\jakarta.inject-api-2.0.0.jar;C:\Users\PC\.m2\repository\org\antlr\antlr4-runtime\4.10.1\antlr4-runtime-4.10.1.jar;C:\Users\PC\.m2\repository\org\springframework\boot\spring-boot-starter-data-jpa\3.2.0\spring-boot-starter-data-jpa-3.2.0.jar;C:\Users\PC\.m2\repository\org\springframework\boot\spring-boot-starter-aop\3.2.0\spring-boot-starter-aop-3.2.0.jar;C:\Users\PC\.m2\repository\org\aspectj\aspectjweaver\1.9.20.1\aspectjweaver-1.9.20.1.jar;C:\Users\PC\.m2\repository\org\springframework\boot\spring-boot-starter-jdbc\3.2.0\spring-boot-starter-jdbc-3.2.0.jar;C:\Users\PC\.m2\repository\com\zaxxer\HikariCP\5.0.1\HikariCP-5.0.1.jar;C:\Users\PC\.m2\repository\org\springframework\spring-jdbc\6.1.1\spring-jdbc-6.1.1.jar;C:\Users\PC\.m2\repository\org\springframework\data\spring-data-jpa\3.2.0\spring-data-jpa-3.2.0.jar;C:\Users\PC\.m2\repository\org\springframework\data\spring-data-commons\3.2.0\spring-data-commons-3.2.0.jar;C:\Users\PC\.m2\repository\org\springframework\spring-orm\6.1.1\spring-orm-6.1.1.jar;C:\Users\PC\.m2\repository\org\springframework\spring-tx\6.1.1\spring-tx-6.1.1.jar;C:\Users\PC\.m2\repository\org\springframework\spring-aspects\6.1.1\spring-aspects-6.1.1.jar;C:\Users\PC\.m2\repository\org\postgresql\postgresql\42.6.0\postgresql-42.6.0.jar;C:\Users\PC\.m2\repository\org\checkerframework\checker-qual\3.31.0\checker-qual-3.31.0.jar;C:\Users\PC\.m2\repository\org\modelmapper\modelmapper\2.3.2\modelmapper-2.3.2.jar;C:\Users\PC\.m2\repository\org\projectlombok\lombok\1.18.30\lombok-1.18.30.jar;C:\Users\PC\.m2\repository\net\kaczmarzyk\specification-arg-resolver\2.6.2\specification-arg-resolver-2.6.2.jar;C:\Users\PC\.m2\repository\org\springframework\spring-web\6.1.1\spring-web-6.1.1.jar;C:\Users\PC\.m2\repository\javax\servlet\javax.servlet-api\4.0.1\javax.servlet-api-4.0.1.jar;C:\Users\PC\.m2\repository\org\hibernate\javax\persistence\hibernate-jpa-2.1-api\1.0.0.Final\hibernate-jpa-2.1-api-1.0.0.Final.jar;C:\Users\PC\.m2\repository\commons-io\commons-io\2.15.0\commons-io-2.15.0.jar;C:\Users\PC\.m2\repository\org\springframework\boot\spring-boot-starter-tomcat\3.2.0\spring-boot-starter-tomcat-3.2.0.jar;C:\Users\PC\.m2\repository\org\apache\tomcat\embed\tomcat-embed-core\10.1.16\tomcat-embed-core-10.1.16.jar;C:\Users\PC\.m2\repository\org\apache\tomcat\embed\tomcat-embed-websocket\10.1.16\tomcat-embed-websocket-10.1.16.jar;C:\Users\PC\.m2\repository\org\jsoup\jsoup\1.13.1\jsoup-1.13.1.jar;C:\Users\PC\.m2\repository\com\googlecode\owasp-java-html-sanitizer\owasp-java-html-sanitizer\20200713.1\owasp-java-html-sanitizer-20200713.1.jar;C:\Users\PC\.m2\repository\com\google\guava\guava\27.1-jre\guava-27.1-jre.jar;C:\Users\PC\.m2\repository\com\google\guava\failureaccess\1.0.1\failureaccess-1.0.1.jar;C:\Users\PC\.m2\repository\com\google\guava\listenablefuture\9999.0-empty-to-avoid-conflict-with-guava\listenablefuture-9999.0-empty-to-avoid-conflict-with-guava.jar;C:\Users\PC\.m2\repository\com\google\code\findbugs\jsr305\3.0.2\jsr305-3.0.2.jar;C:\Users\PC\.m2\repository\com\google\errorprone\error_prone_annotations\2.2.0\error_prone_annotations-2.2.0.jar;C:\Users\PC\.m2\repository\com\google\j2objc\j2objc-annotations\1.1\j2objc-annotations-1.1.jar;C:\Users\PC\.m2\repository\org\codehaus\mojo\animal-sniffer-annotations\1.17\animal-sniffer-annotations-1.17.jar;C:\Users\PC\.m2\repository\commons-codec\commons-codec\1.16.0\commons-codec-1.16.0.jar;C:\Users\PC\.m2\repository\jakarta\servlet\jakarta.servlet-api\5.0.0\jakarta.servlet-api-5.0.0.jar;C:\Users\PC\.m2\repository\org\keycloak\keycloak-spring-security-adapter\15.0.2\keycloak-spring-security-adapter-15.0.2.jar;C:\Users\PC\.m2\repository\org\keycloak\keycloak-core\15.0.2\keycloak-core-15.0.2.jar;C:\Users\PC\.m2\repository\org\keycloak\keycloak-common\15.0.2\keycloak-common-15.0.2.jar;C:\Users\PC\.m2\repository\com\sun\activation\jakarta.activation\1.2.2\jakarta.activation-1.2.2.jar;C:\Users\PC\.m2\repository\org\bouncycastle\bcpkix-jdk15on\1.68\bcpkix-jdk15on-1.68.jar;C:\Users\PC\.m2\repository\org\keycloak\keycloak-adapter-spi\15.0.2\keycloak-adapter-spi-15.0.2.jar;C:\Users\PC\.m2\repository\org\keycloak\keycloak-adapter-core\15.0.2\keycloak-adapter-core-15.0.2.jar;C:\Users\PC\.m2\repository\org\slf4j\slf4j-api\2.0.9\slf4j-api-2.0.9.jar;C:\Users\PC\.m2\repository\org\bouncycastle\bcprov-jdk15on\1.68\bcprov-jdk15on-1.68.jar;C:\Users\PC\.m2\repository\com\fasterxml\jackson\core\jackson-core\2.15.3\jackson-core-2.15.3.jar;C:\Users\PC\.m2\repository\com\fasterxml\jackson\core\jackson-annotations\2.15.3\jackson-annotations-2.15.3.jar;C:\Users\PC\.m2\repository\org\apache\httpcomponents\client5\httpclient5\5.2\httpclient5-5.2.jar;C:\Users\PC\.m2\repository\org\apache\httpcomponents\core5\httpcore5\5.2.3\httpcore5-5.2.3.jar;C:\Users\PC\.m2\repository\org\apache\httpcomponents\core5\httpcore5-h2\5.2.3\httpcore5-h2-5.2.3.jar;C:\Users\PC\.m2\repository\net\sf\jasperreports\jasperreports\6.9.0\jasperreports-6.9.0.jar;C:\Users\PC\.m2\repository\commons-beanutils\commons-beanutils\1.9.3\commons-beanutils-1.9.3.jar;C:\Users\PC\.m2\repository\commons-collections\commons-collections\3.2.2\commons-collections-3.2.2.jar;C:\Users\PC\.m2\repository\commons-digester\commons-digester\2.1\commons-digester-2.1.jar;C:\Users\PC\.m2\repository\org\apache\commons\commons-collections4\4.2\commons-collections4-4.2.jar;C:\Users\PC\.m2\repository\com\lowagie\itext\2.1.7.js6\itext-2.1.7.js6.jar;C:\Users\PC\.m2\repository\org\jfree\jcommon\1.0.23\jcommon-1.0.23.jar;C:\Users\PC\.m2\repository\org\jfree\jfreechart\1.0.19\jfreechart-1.0.19.jar;C:\Users\PC\.m2\repository\org\eclipse\jdt\core\compiler\ecj\4.4.2\ecj-4.4.2.jar;C:\Users\PC\.m2\repository\org\codehaus\castor\castor-xml\1.4.1\castor-xml-1.4.1.jar;C:\Users\PC\.m2\repository\org\codehaus\castor\castor-core\1.4.1\castor-core-1.4.1.jar;C:\Users\PC\.m2\repository\javax\inject\javax.inject\1\javax.inject-1.jar
Launcher Type: SUN_STANDARD

[Global flags]
     intx CICompilerCount                          = 4                                         {product} {ergonomic}
     uint ConcGCThreads                            = 2                                         {product} {ergonomic}
     uint G1ConcRefinementThreads                  = 8                                         {product} {ergonomic}
   size_t G1HeapRegionSize                         = 2097152                                   {product} {ergonomic}
    uintx GCDrainStackTargetSize                   = 64                                        {product} {ergonomic}
   size_t InitialHeapSize                          = 266338304                                 {product} {ergonomic}
     bool ManagementServer                         = true                                      {product} {command line}
   size_t MarkStackSize                            = 4194304                                   {product} {ergonomic}
   size_t MaxHeapSize                              = 4253024256                                {product} {ergonomic}
   size_t MaxNewSize                               = 2550136832                                {product} {ergonomic}
   size_t MinHeapDeltaBytes                        = 2097152                                   {product} {ergonomic}
   size_t MinHeapSize                              = 8388608                                   {product} {ergonomic}
    uintx NonNMethodCodeHeapSize                   = 4096                                   {pd product} {ergonomic}
    uintx NonProfiledCodeHeapSize                  = 0                                      {pd product} {ergonomic}
     bool ProfileInterpreter                       = false                                  {pd product} {command line}
    uintx ProfiledCodeHeapSize                     = 0                                      {pd product} {ergonomic}
     bool ShowCodeDetailsInExceptionMessages       = true                                   {manageable} {command line}
   size_t SoftMaxHeapSize                          = 4253024256                             {manageable} {ergonomic}
     intx TieredStopAtLevel                        = 1                                         {product} {command line}
     bool UseCompressedOops                        = true                           {product lp64_product} {ergonomic}
     bool UseG1GC                                  = true                                      {product} {ergonomic}
     bool UseLargePagesIndividualAllocation        = false                                  {pd product} {ergonomic}

Logging:
Log output configuration:
 #0: stdout all=warning uptime,level,tags foldmultilines=false
 #1: stderr all=off uptime,level,tags foldmultilines=false

Environment Variables:
JAVA_HOME=C:\Program Files\Java\jdk-21
PATH=D:/Stage2024/sts-4.23.1.RELEASE//plugins/org.eclipse.justj.openjdk.hotspot.jre.full.win32.x86_64_21.0.3.v20240426-1530/jre/bin/server;D:/Stage2024/sts-4.23.1.RELEASE//plugins/org.eclipse.justj.openjdk.hotspot.jre.full.win32.x86_64_21.0.3.v20240426-1530/jre/bin;D:\VMware\VMware Workstation\bin\;C:\Program Files\Java\jdk-21\bin;D:\bennane2\hadoop-2.6.2\bin;D:\bennane2\hadoop-2.6.2\sbin;C:\Windows\system32;C:\Program Files\Git\bin;C:\Windows\System32\cmd.exe;C:\Program Files\dotnet\;C:\Program Files\Microsoft SQL Server\150\Tools\Binn\;C:\Program Files\nodejs\;C:\Users\PC\AppData\Local\Programs\Python\Python310;C:\bennane\database\apache-cassandra-3.11.4\bin;C:\Windows\System32\WindowsPowerShell\v1.0\;C:\Windows\system32;C:\Windows;C:\Windows\System32\Wbem;C:\Windows\System32\OpenSSH\;C:\Program Files\Java\jdk-21\bin;D:\OpenSSL-Win64\bin;C:\Users\PC\AppData\Local\Programs\Python\Python310\Scripts;D:\msys64\mingw64\share\gtk-3.0;D:\msys64\mingw64\bin;C:\ffmpeg\bin;D:\NuoDB\bin;D:\New folder;D:\apache-ant-1.9.16\bin;D:\CMake\bin;D:\neo4j-community-3.5.5\bin;C:\Users\PC\Downloads\apache-maven-3.9.6\bin;C:\Users\PC\AppData\Local\Programs\Python\Python310\Scripts\;C:\Users\PC\AppData\Local\Programs\Python\Python310\;C:\Users\PC\AppData\Local\Programs\Python\Launcher\;C:\Users\PC\AppData\Local\Programs\Python\Python37\Scripts\;C:\Users\PC\AppData\Local\Programs\Python\Python37\;C:\Users\PC\AppData\Local\Programs\Microsoft VS Code\bin;C:\Users\PC\.dotnet\tools;C:\Users\PC\AppData\Roaming\npm;D:\Stage2024\sts-4.23.1.RELEASE;
USERNAME=PC
OS=Windows_NT
PROCESSOR_IDENTIFIER=Intel64 Family 6 Model 142 Stepping 10, GenuineIntel
TMP=C:\Users\PC\AppData\Local\Temp
TEMP=C:\Users\PC\AppData\Local\Temp




Periodic native trim disabled

---------------  S Y S T E M  ---------------

OS:
 Windows 10 , 64 bit Build 19041 (10.0.19041.3031)
OS uptime: 25 days 1:56 hours
Hyper-V role detected

CPU: total 8 (initial active 8) (4 cores per cpu, 2 threads per core) family 6 model 142 stepping 10 microcode 0xca, cx8, cmov, fxsr, ht, mmx, 3dnowpref, sse, sse2, sse3, ssse3, sse4.1, sse4.2, popcnt, lzcnt, tsc, tscinvbit, avx, avx2, aes, erms, clmul, bmi1, bmi2, rtm, adx, fma, vzeroupper, clflush, clflushopt, hv, rdtscp, f16c
Processor Information for processor 0
  Max Mhz: 1896, Current Mhz: 1496, Mhz Limit: 1687
Processor Information for processor 1
  Max Mhz: 1896, Current Mhz: 1696, Mhz Limit: 1687
Processor Information for processor 2
  Max Mhz: 1896, Current Mhz: 1496, Mhz Limit: 1687
Processor Information for processor 3
  Max Mhz: 1896, Current Mhz: 1496, Mhz Limit: 1687
Processor Information for processor 4
  Max Mhz: 1896, Current Mhz: 1696, Mhz Limit: 1687
Processor Information for processor 5
  Max Mhz: 1896, Current Mhz: 1496, Mhz Limit: 1687
Processor Information for processor 6
  Max Mhz: 1896, Current Mhz: 1496, Mhz Limit: 1687
Processor Information for processor 7
  Max Mhz: 1896, Current Mhz: 1496, Mhz Limit: 1687

Memory: 4k page, system-wide physical 16218M (3459M free)
TotalPageFile size 32244M (AvailPageFile size 22M)
current process WorkingSet (physical memory assigned to process): 301M, peak: 301M
current process commit charge ("private bytes"): 336M, peak: 363M

vm_info: OpenJDK 64-Bit Server VM (21.0.3+9-LTS) for windows-amd64 JRE (21.0.3+9-LTS), built on 2024-04-16T00:00:00Z by "admin" with MS VC++ 17.7 (VS2022)

END.
